
> commerce-app@0.1.0 build
> next build

▲ Next.js 16.1.1 (Turbopack)

  Creating an optimized production build ...

> Build error occurred
Error: Turbopack build failed with 1 errors:
./components/ui/button.jsx:2:1
Module not found: Can't resolve '@radix-ui/react-slot'
[0m [90m 1 |[39m [36mimport[39m [33m*[39m [36mas[39m [33mReact[39m [36mfrom[39m [32m"react"[39m
[31m[1m>[22m[39m[90m 2 |[39m [36mimport[39m { [33mSlot[39m } [36mfrom[39m [32m"@radix-ui/react-slot"[39m [90m// Wait, I didn't install radix slot. I'll stick to simple button or install it. "Language: JavaScript (Only)".[39m
 [90m   |[39m [31m[1m^[22m[39m[31m[1m^[22m[39m[31m[1m^[22m[39m[31m[1m^[22m[39m[31m[1m^[22m[39m[31m[1m^[22m[39m[31m[1m^[22m[39m[31m[1m^[22m[39m[31m[1m^[22m[39m[31m[1m^[22m[39m[31m[1m^[22m[39m[31m[1m^[22m[39m[31m[1m^[22m[39m[31m[1m^[22m[39m[31m[1m^[22m[39m[31m[1m^[22m[39m[31m[1m^[22m[39m[31m[1m^[22m[39m[31m[1m^[22m[39m[31m[1m^[22m[39m[31m[1m^[22m[39m[31m[1m^[22m[39m[31m[1m^[22m[39m[31m[1m^[22m[39m[31m[1m^[22m[39m[31m[1m^[22m[39m[31m[1m^[22m[39m[31m[1m^[22m[39m[31m[1m^[22m[39m[31m[1m^[22m[39m[31m[1m^[22m[39m[31m[1m^[22m[39m[31m[1m^[22m[39m[31m[1m^[22m[39m[31m[1m^[22m[39m[31m[1m^[22m[39m[31m[1m^[22m[39m[31m[1m^[22m[39m[31m[1m^[22m[39m[31m[1m^[22m[39m[31m[1m^[22m[39m[31m[1m^[22m[39m[31m[1m^[22m[39m
 [90m 3 |[39m [90m// Simplification: Simple button without Slot for now unless requested.[39m
 [90m 4 |[39m [36mimport[39m { cn } [36mfrom[39m [32m"@/lib/utils"[39m
 [90m 5 |[39m[0m



Import traces:
  Client Component Browser:
    ./components/ui/button.jsx [Client Component Browser]
    ./components/CartDrawer.jsx [Client Component Browser]
    ./components/CartDrawer.jsx [Server Component]
    ./app/layout.js [Server Component]

  Client Component SSR:
    ./components/ui/button.jsx [Client Component SSR]
    ./components/CartDrawer.jsx [Client Component SSR]
    ./components/CartDrawer.jsx [Server Component]
    ./app/layout.js [Server Component]

https://nextjs.org/docs/messages/module-not-found


    at <unknown> (./components/ui/button.jsx:2:1)
    at <unknown> (https://nextjs.org/docs/messages/module-not-found)
